<?xml version="1.0" encoding="UTF-8"?>
<testsuite xmlns:xsi="http://www.w3.org/2001/XMLSchema-instance" xsi:noNamespaceSchemaLocation="https://maven.apache.org/surefire/maven-surefire-plugin/xsd/surefire-test-report.xsd" name="org.pcap4j.core.PcapsTest" time="0.232" tests="17" errors="0" skipped="0" failures="0">
  <properties>
[...]
</properties>
  <testcase name="testOpenDeadWithTimestampPrecision" classname="org.pcap4j.core.PcapsTest" time="0"/>
  <testcase name="testDataLinkTypeToDescription" classname="org.pcap4j.core.PcapsTest" time="0.005"/>
  <testcase name="testToBpfStringInetAddress" classname="org.pcap4j.core.PcapsTest" time="0"/>
  <testcase name="testToBpfStringMacAddress" classname="org.pcap4j.core.PcapsTest" time="0"/>
  <testcase name="testDataLinkTypeToName" classname="org.pcap4j.core.PcapsTest" time="0"/>
  <testcase name="testDataLinkNameToVal" classname="org.pcap4j.core.PcapsTest" time="0.001"/>
  <testcase name="testDataLinkValToDescription" classname="org.pcap4j.core.PcapsTest" time="0"/>
  <testcase name="testGetNifByInetAddress" classname="org.pcap4j.core.PcapsTest" time="0"/>
  <testcase name="testDataLinkValToName" classname="org.pcap4j.core.PcapsTest" time="0"/>
  <testcase name="testOpenOfflineWithTimestampPrecision" classname="org.pcap4j.core.PcapsTest" time="0"/>
  <testcase name="testOpenOffline" classname="org.pcap4j.core.PcapsTest" time="0"/>
  <testcase name="testStrError" classname="org.pcap4j.core.PcapsTest" time="0"/>
  <testcase name="testLookupDev" classname="org.pcap4j.core.PcapsTest" time="0.001"/>
  <testcase name="testLibVersion" classname="org.pcap4j.core.PcapsTest" time="0.001"/>
  <testcase name="testGetNifByString" classname="org.pcap4j.core.PcapsTest" time="0"/>
  <testcase name="testOpenDead" classname="org.pcap4j.core.PcapsTest" time="0"/>
  <testcase name="testFindAllDevs" classname="org.pcap4j.core.PcapsTest" time="0.219"/>
</testsuite>