<?xml version="1.0" encoding="UTF-8"?>
<testsuite xmlns:xsi="http://www.w3.org/2001/XMLSchema-instance" xsi:noNamespaceSchemaLocation="https://maven.apache.org/surefire/maven-surefire-plugin/xsd/surefire-test-report.xsd" name="org.pcap4j.core.PcapHandleTest" time="0.438" tests="19" errors="0" skipped="0" failures="0">
  <properties>
[...]
</properties>
  <testcase name="testGetTimestamp" classname="org.pcap4j.core.PcapHandleTest" time="0.001"/>
  <testcase name="testListDatalinks" classname="org.pcap4j.core.PcapHandleTest" time="0.003"/>
  <testcase name="testGetTimestampEx" classname="org.pcap4j.core.PcapHandleTest" time="0"/>
  <testcase name="testImmediateMode" classname="org.pcap4j.core.PcapHandleTest" time="0.003"/>
  <testcase name="testSendPacket" classname="org.pcap4j.core.PcapHandleTest" time="0"/>
  <testcase name="testSetDlt" classname="org.pcap4j.core.PcapHandleTest" time="0"/>
  <testcase name="testGetStats" classname="org.pcap4j.core.PcapHandleTest" time="0.406"/>
  <testcase name="testSetDirection" classname="org.pcap4j.core.PcapHandleTest" time="0.002"/>
  <testcase name="testGetOriginalLengthLoopRaw" classname="org.pcap4j.core.PcapHandleTest" time="0.004"/>
  <testcase name="testGetOriginalLengthEx" classname="org.pcap4j.core.PcapHandleTest" time="0.001"/>
  <testcase name="testGetTimestampRaw" classname="org.pcap4j.core.PcapHandleTest" time="0.001"/>
  <testcase name="testGetOriginalLength" classname="org.pcap4j.core.PcapHandleTest" time="0"/>
  <testcase name="testGetTimestampRawEx" classname="org.pcap4j.core.PcapHandleTest" time="0.001"/>
  <testcase name="testGetOriginalLengthLoop" classname="org.pcap4j.core.PcapHandleTest" time="0.004"/>
  <testcase name="testSendPacketWithLen" classname="org.pcap4j.core.PcapHandleTest" time="0.001"/>
  <testcase name="testGetOriginalLengthRawEx" classname="org.pcap4j.core.PcapHandleTest" time="0.002"/>
  <testcase name="testGetTimestampLoopRaw" classname="org.pcap4j.core.PcapHandleTest" time="0.002"/>
  <testcase name="testGetOriginalLengthRaw" classname="org.pcap4j.core.PcapHandleTest" time="0.001"/>
  <testcase name="testGetTimestampLoop" classname="org.pcap4j.core.PcapHandleTest" time="0.002"/>
</testsuite>